2021-12-16 00:29:30.391  INFO 11568 --- [restartedMain] c.b.l.LmsCandidateApplication            : Starting LmsCandidateApplication using Java 17 on DESKTOP-U2KHA74 with PID 11568 (C:\Users\Sanju\Desktop\Spring Project\LMSCandidate\LMSCandidate\target\classes started by Sanju in C:\Users\Sanju\Desktop\Spring Project\LMSCandidate\LMSCandidate)
2021-12-16 00:29:30.395 DEBUG 11568 --- [restartedMain] c.b.l.LmsCandidateApplication            : Running with Spring Boot v2.6.1, Spring v5.3.13
2021-12-16 00:29:30.395  INFO 11568 --- [restartedMain] c.b.l.LmsCandidateApplication            : No active profile set, falling back to default profiles: default
2021-12-16 00:29:31.751  WARN 11568 --- [restartedMain] o.s.b.d.a.OptionalLiveReloadServer       : Unable to start LiveReload server
2021-12-16 00:29:32.136  INFO 11568 --- [restartedMain] c.b.l.LmsCandidateApplication            : Started LmsCandidateApplication in 2.196 seconds (JVM running for 2.973)
2021-12-16 00:29:32.139  INFO 11568 --- [restartedMain] c.b.l.LmsCandidateApplication            : LMS Cndidate App Started in COMMON Environment
2021-12-16 00:33:10.760  INFO 16364 --- [restartedMain] c.b.l.LmsCandidateApplication            : Starting LmsCandidateApplication using Java 17 on DESKTOP-U2KHA74 with PID 16364 (C:\Users\Sanju\Desktop\Spring Project\LMSCandidate\LMSCandidate\target\classes started by Sanju in C:\Users\Sanju\Desktop\Spring Project\LMSCandidate\LMSCandidate)
2021-12-16 00:33:10.761 DEBUG 16364 --- [restartedMain] c.b.l.LmsCandidateApplication            : Running with Spring Boot v2.6.1, Spring v5.3.13
2021-12-16 00:33:10.761  INFO 16364 --- [restartedMain] c.b.l.LmsCandidateApplication            : No active profile set, falling back to default profiles: default
2021-12-16 00:33:12.145  WARN 16364 --- [restartedMain] o.s.b.d.a.OptionalLiveReloadServer       : Unable to start LiveReload server
2021-12-16 00:33:12.589  INFO 16364 --- [restartedMain] c.b.l.LmsCandidateApplication            : Started LmsCandidateApplication in 2.241 seconds (JVM running for 2.99)
2021-12-16 00:33:12.592  INFO 16364 --- [restartedMain] c.b.l.LmsCandidateApplication            : LMS Cndidate App Started in COMMON Environment
2021-12-16 00:34:11.138  INFO 10812 --- [restartedMain] c.b.l.LmsCandidateApplication            : Starting LmsCandidateApplication using Java 17 on DESKTOP-U2KHA74 with PID 10812 (C:\Users\Sanju\Desktop\Spring Project\LMSCandidate\LMSCandidate\target\classes started by Sanju in C:\Users\Sanju\Desktop\Spring Project\LMSCandidate\LMSCandidate)
2021-12-16 00:34:11.139 DEBUG 10812 --- [restartedMain] c.b.l.LmsCandidateApplication            : Running with Spring Boot v2.6.1, Spring v5.3.13
2021-12-16 00:34:11.139  INFO 10812 --- [restartedMain] c.b.l.LmsCandidateApplication            : No active profile set, falling back to default profiles: default
2021-12-16 00:34:12.506  WARN 10812 --- [restartedMain] o.s.b.d.a.OptionalLiveReloadServer       : Unable to start LiveReload server
2021-12-16 00:34:12.930  INFO 10812 --- [restartedMain] c.b.l.LmsCandidateApplication            : Started LmsCandidateApplication in 2.189 seconds (JVM running for 2.895)
2021-12-16 00:34:12.934  INFO 10812 --- [restartedMain] c.b.l.LmsCandidateApplication            : LMS Cndidate App Started in COMMON Environment
2021-12-16 00:39:23.132  INFO 10868 --- [restartedMain] c.b.l.LmsCandidateApplication            : Starting LmsCandidateApplication using Java 17 on DESKTOP-U2KHA74 with PID 10868 (C:\Users\Sanju\Desktop\Spring Project\LMSCandidate\LMSCandidate\target\classes started by Sanju in C:\Users\Sanju\Desktop\Spring Project\LMSCandidate\LMSCandidate)
2021-12-16 00:39:23.133 DEBUG 10868 --- [restartedMain] c.b.l.LmsCandidateApplication            : Running with Spring Boot v2.6.1, Spring v5.3.13
2021-12-16 00:39:23.133  INFO 10868 --- [restartedMain] c.b.l.LmsCandidateApplication            : No active profile set, falling back to default profiles: default
2021-12-16 00:39:24.497  WARN 10868 --- [restartedMain] o.s.b.d.a.OptionalLiveReloadServer       : Unable to start LiveReload server
2021-12-16 00:39:24.891  INFO 10868 --- [restartedMain] c.b.l.LmsCandidateApplication            : Started LmsCandidateApplication in 2.153 seconds (JVM running for 3.046)
2021-12-16 00:39:24.894  INFO 10868 --- [restartedMain] c.b.l.LmsCandidateApplication            : LMS Cndidate App Started in COMMON Environment
2021-12-16 08:34:05.476  INFO 14788 --- [restartedMain] c.b.l.LmsCandidateApplication            : Starting LmsCandidateApplication using Java 17 on DESKTOP-U2KHA74 with PID 14788 (C:\Users\Sanju\Desktop\Spring Project\LMSCandidate\LMSCandidate\target\classes started by Sanju in C:\Users\Sanju\Desktop\Spring Project\LMSCandidate\LMSCandidate)
2021-12-16 08:34:05.489 DEBUG 14788 --- [restartedMain] c.b.l.LmsCandidateApplication            : Running with Spring Boot v2.6.1, Spring v5.3.13
2021-12-16 08:34:05.489  INFO 14788 --- [restartedMain] c.b.l.LmsCandidateApplication            : No active profile set, falling back to default profiles: default
2021-12-16 08:34:09.922  INFO 14788 --- [restartedMain] c.b.l.LmsCandidateApplication            : Started LmsCandidateApplication in 5.315 seconds (JVM running for 7.04)
2021-12-16 08:34:09.928  INFO 14788 --- [restartedMain] c.b.l.LmsCandidateApplication            : LMS Cndidate App Started in COMMON Environment
2021-12-16 08:47:42.903  INFO 5224 --- [restartedMain] c.b.l.LmsCandidateApplication            : Starting LmsCandidateApplication using Java 17 on DESKTOP-U2KHA74 with PID 5224 (C:\Users\Sanju\Desktop\Spring Project\LMSCandidate\LMSCandidate\target\classes started by Sanju in C:\Users\Sanju\Desktop\Spring Project\LMSCandidate\LMSCandidate)
2021-12-16 08:47:42.907 DEBUG 5224 --- [restartedMain] c.b.l.LmsCandidateApplication            : Running with Spring Boot v2.6.1, Spring v5.3.13
2021-12-16 08:47:42.908  INFO 5224 --- [restartedMain] c.b.l.LmsCandidateApplication            : No active profile set, falling back to default profiles: default
2021-12-16 08:47:46.168  WARN 5224 --- [restartedMain] ConfigServletWebServerApplicationContext : Exception encountered during context initialization - cancelling refresh attempt: org.springframework.beans.factory.UnsatisfiedDependencyException: Error creating bean with name 'hiredCandidateController': Unsatisfied dependency expressed through field 'iCandidateService'; nested exception is org.springframework.beans.factory.UnsatisfiedDependencyException: Error creating bean with name 'hiredCandidateService': Unsatisfied dependency expressed through field 'modelMapper'; nested exception is org.springframework.beans.factory.NoSuchBeanDefinitionException: No qualifying bean of type 'org.modelmapper.ModelMapper' available: expected at least 1 bean which qualifies as autowire candidate. Dependency annotations: {@org.springframework.beans.factory.annotation.Autowired(required=true)}
2021-12-16 08:47:46.281 ERROR 5224 --- [restartedMain] o.s.b.d.LoggingFailureAnalysisReporter   : 

***************************
APPLICATION FAILED TO START
***************************

Description:

Field modelMapper in com.bridgelabz.lmscandidate.service.HiredCandidateService required a bean of type 'org.modelmapper.ModelMapper' that could not be found.

The injection point has the following annotations:
	- @org.springframework.beans.factory.annotation.Autowired(required=true)


Action:

Consider defining a bean of type 'org.modelmapper.ModelMapper' in your configuration.

2021-12-16 08:50:57.665  INFO 9820 --- [restartedMain] c.b.l.LmsCandidateApplication            : Starting LmsCandidateApplication using Java 17 on DESKTOP-U2KHA74 with PID 9820 (C:\Users\Sanju\Desktop\Spring Project\LMSCandidate\LMSCandidate\target\classes started by Sanju in C:\Users\Sanju\Desktop\Spring Project\LMSCandidate\LMSCandidate)
2021-12-16 08:50:57.688 DEBUG 9820 --- [restartedMain] c.b.l.LmsCandidateApplication            : Running with Spring Boot v2.6.1, Spring v5.3.13
2021-12-16 08:50:57.689  INFO 9820 --- [restartedMain] c.b.l.LmsCandidateApplication            : No active profile set, falling back to default profiles: default
2021-12-16 08:51:01.620  INFO 9820 --- [restartedMain] c.b.l.LmsCandidateApplication            : Started LmsCandidateApplication in 4.827 seconds (JVM running for 6.382)
2021-12-16 08:51:01.626  INFO 9820 --- [restartedMain] c.b.l.LmsCandidateApplication            : LMS Cndidate App Started in COMMON Environment
2021-12-16 09:04:55.487  INFO 3020 --- [restartedMain] c.b.l.LmsCandidateApplication            : Starting LmsCandidateApplication using Java 17 on DESKTOP-U2KHA74 with PID 3020 (C:\Users\Sanju\Desktop\Spring Project\LMSCandidate\LMSCandidate\target\classes started by Sanju in C:\Users\Sanju\Desktop\Spring Project\LMSCandidate\LMSCandidate)
2021-12-16 09:04:55.490 DEBUG 3020 --- [restartedMain] c.b.l.LmsCandidateApplication            : Running with Spring Boot v2.6.1, Spring v5.3.13
2021-12-16 09:04:55.491  INFO 3020 --- [restartedMain] c.b.l.LmsCandidateApplication            : No active profile set, falling back to default profiles: default
2021-12-16 09:04:59.334  INFO 3020 --- [restartedMain] c.b.l.LmsCandidateApplication            : Started LmsCandidateApplication in 4.68 seconds (JVM running for 6.319)
2021-12-16 09:04:59.340  INFO 3020 --- [restartedMain] c.b.l.LmsCandidateApplication            : LMS Cndidate App Started in COMMON Environment
2021-12-16 09:07:57.992  INFO 15992 --- [restartedMain] c.b.l.LmsCandidateApplication            : Starting LmsCandidateApplication using Java 17 on DESKTOP-U2KHA74 with PID 15992 (C:\Users\Sanju\Desktop\Spring Project\LMSCandidate\LMSCandidate\target\classes started by Sanju in C:\Users\Sanju\Desktop\Spring Project\LMSCandidate\LMSCandidate)
2021-12-16 09:07:57.994 DEBUG 15992 --- [restartedMain] c.b.l.LmsCandidateApplication            : Running with Spring Boot v2.6.1, Spring v5.3.13
2021-12-16 09:07:57.995  INFO 15992 --- [restartedMain] c.b.l.LmsCandidateApplication            : No active profile set, falling back to default profiles: default
2021-12-16 09:08:01.833  INFO 15992 --- [restartedMain] c.b.l.LmsCandidateApplication            : Started LmsCandidateApplication in 4.692 seconds (JVM running for 6.602)
2021-12-16 09:08:01.839  INFO 15992 --- [restartedMain] c.b.l.LmsCandidateApplication            : LMS Cndidate App Started in COMMON Environment
